<?xml version="1.0" encoding="UTF-8"?>
<coverage generated="1748911965498" clover="3.2.0">
  <project timestamp="1748911965499" name="All files">
    <metrics statements="30" coveredstatements="10" conditionals="4" coveredconditionals="0" methods="9" coveredmethods="7" elements="43" coveredelements="17" complexity="0" loc="30" ncloc="30" packages="3" files="3" classes="3"/>
    <package name="controller">
      <metrics statements="6" coveredstatements="0" conditionals="0" coveredconditionals="0" methods="1" coveredmethods="0"/>
      <file name="ControladorTarifaDiariaCrear.ts" path="C:\2 - UNIVERSIDAD\IngenieriaDeSoftware\back_parqueadero_tests\soyelbackend\src\app\tarifa_diaria\controller\ControladorTarifaDiariaCrear.ts">
        <metrics statements="6" coveredstatements="0" conditionals="0" coveredconditionals="0" methods="1" coveredmethods="0"/>
        <line num="2" count="0" type="stmt"/>
        <line num="3" count="0" type="stmt"/>
        <line num="7" count="0" type="stmt"/>
        <line num="12" count="0" type="stmt"/>
        <line num="16" count="0" type="stmt"/>
        <line num="17" count="0" type="stmt"/>
      </file>
    </package>
    <package name="model">
      <metrics statements="10" coveredstatements="10" conditionals="0" coveredconditionals="0" methods="7" coveredmethods="7"/>
      <file name="TarifaDiaria.ts" path="C:\2 - UNIVERSIDAD\IngenieriaDeSoftware\back_parqueadero_tests\soyelbackend\src\app\tarifa_diaria\model\TarifaDiaria.ts">
        <metrics statements="10" coveredstatements="10" conditionals="0" coveredconditionals="0" methods="7" coveredmethods="7"/>
        <line num="7" count="9" type="stmt"/>
        <line num="8" count="9" type="stmt"/>
        <line num="9" count="9" type="stmt"/>
        <line num="13" count="7" type="stmt"/>
        <line num="17" count="7" type="stmt"/>
        <line num="21" count="12" type="stmt"/>
        <line num="25" count="1" type="stmt"/>
        <line num="29" count="1" type="stmt"/>
        <line num="33" count="4" type="stmt"/>
        <line num="37" count="1" type="stmt"/>
      </file>
    </package>
    <package name="service">
      <metrics statements="14" coveredstatements="0" conditionals="4" coveredconditionals="0" methods="1" coveredmethods="0"/>
      <file name="ServicioTarifaDiariaCrear.ts" path="C:\2 - UNIVERSIDAD\IngenieriaDeSoftware\back_parqueadero_tests\soyelbackend\src\app\tarifa_diaria\service\ServicioTarifaDiariaCrear.ts">
        <metrics statements="14" coveredstatements="0" conditionals="4" coveredconditionals="0" methods="1" coveredmethods="0"/>
        <line num="2" count="0" type="stmt"/>
        <line num="3" count="0" type="stmt"/>
        <line num="11" count="0" type="stmt"/>
        <line num="13" count="0" type="stmt"/>
        <line num="14" count="0" type="stmt"/>
        <line num="20" count="0" type="cond" truecount="0" falsecount="3"/>
        <line num="21" count="0" type="stmt"/>
        <line num="28" count="0" type="stmt"/>
        <line num="34" count="0" type="stmt"/>
        <line num="39" count="0" type="stmt"/>
        <line num="41" count="0" type="cond" truecount="0" falsecount="1"/>
        <line num="42" count="0" type="stmt"/>
        <line num="49" count="0" type="stmt"/>
        <line num="57" count="0" type="stmt"/>
      </file>
    </package>
  </project>
</coverage>
