TN:
SF:src\app\tarifa_diaria\controller\ControladorTarifaDiariaCrear.ts
FN:6,(anonymous_1)
FNF:1
FNH:0
FNDA:0,(anonymous_1)
DA:2,0
DA:3,0
DA:7,0
DA:12,0
DA:16,0
DA:17,0
LF:6
LH:0
BRF:0
BRH:0
end_of_record
TN:
SF:src\app\tarifa_diaria\model\TarifaDiaria.ts
FN:6,(anonymous_0)
FN:12,(anonymous_1)
FN:16,(anonymous_2)
FN:20,(anonymous_3)
FN:24,(anonymous_4)
FN:28,(anonymous_5)
FN:32,(anonymous_6)
FNF:7
FNH:7
FNDA:9,(anonymous_0)
FNDA:7,(anonymous_1)
FNDA:7,(anonymous_2)
FNDA:12,(anonymous_3)
FNDA:1,(anonymous_4)
FNDA:1,(anonymous_5)
FNDA:4,(anonymous_6)
DA:7,9
DA:8,9
DA:9,9
DA:13,7
DA:17,7
DA:21,12
DA:25,1
DA:29,1
DA:33,4
DA:37,1
LF:10
LH:10
BRF:0
BRH:0
end_of_record
TN:
SF:src\app\tarifa_diaria\service\ServicioTarifaDiariaCrear.ts
FN:7,(anonymous_8)
FNF:1
FNH:0
FNDA:0,(anonymous_8)
DA:2,0
DA:3,0
DA:11,0
DA:13,0
DA:14,0
DA:20,0
DA:21,0
DA:28,0
DA:34,0
DA:39,0
DA:41,0
DA:42,0
DA:49,0
DA:57,0
LF:14
LH:0
BRDA:20,0,0,0
BRDA:20,1,0,0
BRDA:20,1,1,0
BRDA:41,2,0,0
BRF:4
BRH:0
end_of_record
